<?xml version="1.0" encoding="UTF-8"?>
<!-- Generated by org.testng.reporters.JUnitReportReporter -->
<testsuite hostname="PJI-00061" name="example.NewTest" tests="1" failures="0" timestamp="13 Mar 2018 05:29:06 GMT" time="9.763" errors="0">
  <testcase name="testEasy" time="9.763" classname="example.NewTest"/>
</testsuite> <!-- example.NewTest -->
